using standard version including apgd-ce, apgd-t, fab-t, square.
initial accuracy: 80.50%
apgd-ce - 1/7 - 94 out of 128 successfully perturbed
apgd-ce - 2/7 - 96 out of 128 successfully perturbed
apgd-ce - 3/7 - 101 out of 128 successfully perturbed
apgd-ce - 4/7 - 93 out of 128 successfully perturbed
apgd-ce - 5/7 - 101 out of 128 successfully perturbed
apgd-ce - 6/7 - 97 out of 128 successfully perturbed
apgd-ce - 7/7 - 30 out of 37 successfully perturbed
robust accuracy after APGD-CE: 19.30% (total time 5.9 s)
apgd-t - 1/2 - 5 out of 128 successfully perturbed
apgd-t - 2/2 - 2 out of 65 successfully perturbed
robust accuracy after APGD-T: 18.60% (total time 22.6 s)
fab-t - 1/2 - 0 out of 128 successfully perturbed
fab-t - 2/2 - 0 out of 58 successfully perturbed
robust accuracy after FAB-T: 18.60% (total time 57.5 s)
square - 1/2 - 0 out of 128 successfully perturbed
square - 2/2 - 0 out of 58 successfully perturbed
robust accuracy after SQUARE: 18.60% (total time 96.2 s)
max Linf perturbation: 0.03137, nan in tensor: 0, max: 1.00000, min: 0.00000
robust accuracy: 18.60%
