using standard version including apgd-ce, apgd-t, fab-t, square.
initial accuracy: 81.90%
apgd-ce - 1/7 - 96 out of 128 successfully perturbed
apgd-ce - 2/7 - 92 out of 128 successfully perturbed
apgd-ce - 3/7 - 98 out of 128 successfully perturbed
apgd-ce - 4/7 - 93 out of 128 successfully perturbed
apgd-ce - 5/7 - 97 out of 128 successfully perturbed
apgd-ce - 6/7 - 91 out of 128 successfully perturbed
apgd-ce - 7/7 - 38 out of 51 successfully perturbed
robust accuracy after APGD-CE: 21.40% (total time 6.1 s)
apgd-t - 1/2 - 5 out of 128 successfully perturbed
apgd-t - 2/2 - 4 out of 86 successfully perturbed
robust accuracy after APGD-T: 20.50% (total time 22.3 s)
fab-t - 1/2 - 0 out of 128 successfully perturbed
fab-t - 2/2 - 0 out of 77 successfully perturbed
robust accuracy after FAB-T: 20.50% (total time 59.0 s)
square - 1/2 - 0 out of 128 successfully perturbed
square - 2/2 - 0 out of 77 successfully perturbed
robust accuracy after SQUARE: 20.50% (total time 98.4 s)
max Linf perturbation: 0.03137, nan in tensor: 0, max: 1.00000, min: 0.00000
robust accuracy: 20.50%
