using standard version including apgd-ce, apgd-t, fab-t, square.
initial accuracy: 83.40%
apgd-ce - 1/7 - 107 out of 128 successfully perturbed
apgd-ce - 2/7 - 97 out of 128 successfully perturbed
apgd-ce - 3/7 - 98 out of 128 successfully perturbed
apgd-ce - 4/7 - 93 out of 128 successfully perturbed
apgd-ce - 5/7 - 101 out of 128 successfully perturbed
apgd-ce - 6/7 - 96 out of 128 successfully perturbed
apgd-ce - 7/7 - 53 out of 66 successfully perturbed
robust accuracy after APGD-CE: 18.90% (total time 6.0 s)
apgd-t - 1/2 - 20 out of 128 successfully perturbed
apgd-t - 2/2 - 13 out of 61 successfully perturbed
robust accuracy after APGD-T: 15.60% (total time 22.2 s)
fab-t - 1/2 - 0 out of 128 successfully perturbed
fab-t - 2/2 - 0 out of 28 successfully perturbed
robust accuracy after FAB-T: 15.60% (total time 57.7 s)
square - 1/2 - 0 out of 128 successfully perturbed
square - 2/2 - 0 out of 28 successfully perturbed
robust accuracy after SQUARE: 15.60% (total time 96.6 s)
max Linf perturbation: 0.03137, nan in tensor: 0, max: 1.00000, min: 0.00000
robust accuracy: 15.60%
