using standard version including apgd-ce, apgd-t, fab-t, square.
initial accuracy: 79.00%
apgd-ce - 1/7 - 54 out of 128 successfully perturbed
apgd-ce - 2/7 - 55 out of 128 successfully perturbed
apgd-ce - 3/7 - 60 out of 128 successfully perturbed
apgd-ce - 4/7 - 51 out of 128 successfully perturbed
apgd-ce - 5/7 - 64 out of 128 successfully perturbed
apgd-ce - 6/7 - 53 out of 128 successfully perturbed
apgd-ce - 7/7 - 7 out of 22 successfully perturbed
robust accuracy after APGD-CE: 44.60% (total time 6.2 s)
apgd-t - 1/4 - 8 out of 128 successfully perturbed
apgd-t - 2/4 - 11 out of 128 successfully perturbed
apgd-t - 3/4 - 12 out of 128 successfully perturbed
apgd-t - 4/4 - 5 out of 62 successfully perturbed
robust accuracy after APGD-T: 41.00% (total time 39.3 s)
fab-t - 1/4 - 0 out of 128 successfully perturbed
fab-t - 2/4 - 0 out of 128 successfully perturbed
fab-t - 3/4 - 0 out of 128 successfully perturbed
fab-t - 4/4 - 0 out of 26 successfully perturbed
robust accuracy after FAB-T: 41.00% (total time 115.3 s)
square - 1/4 - 0 out of 128 successfully perturbed
square - 2/4 - 0 out of 128 successfully perturbed
square - 3/4 - 0 out of 128 successfully perturbed
square - 4/4 - 0 out of 26 successfully perturbed
robust accuracy after SQUARE: 41.00% (total time 197.9 s)
max Linf perturbation: 0.03137, nan in tensor: 0, max: 1.00000, min: 0.00000
robust accuracy: 41.00%
