using standard version including apgd-ce, apgd-t, fab-t, square.
initial accuracy: 79.60%
apgd-ce - 1/7 - 57 out of 128 successfully perturbed
apgd-ce - 2/7 - 60 out of 128 successfully perturbed
apgd-ce - 3/7 - 58 out of 128 successfully perturbed
apgd-ce - 4/7 - 54 out of 128 successfully perturbed
apgd-ce - 5/7 - 70 out of 128 successfully perturbed
apgd-ce - 6/7 - 53 out of 128 successfully perturbed
apgd-ce - 7/7 - 12 out of 28 successfully perturbed
robust accuracy after APGD-CE: 43.20% (total time 6.0 s)
apgd-t - 1/4 - 9 out of 128 successfully perturbed
apgd-t - 2/4 - 11 out of 128 successfully perturbed
apgd-t - 3/4 - 13 out of 128 successfully perturbed
apgd-t - 4/4 - 3 out of 48 successfully perturbed
robust accuracy after APGD-T: 39.60% (total time 38.0 s)
fab-t - 1/4 - 0 out of 128 successfully perturbed
fab-t - 2/4 - 0 out of 128 successfully perturbed
fab-t - 3/4 - 0 out of 128 successfully perturbed
fab-t - 4/4 - 0 out of 12 successfully perturbed
robust accuracy after FAB-T: 39.60% (total time 111.2 s)
square - 1/4 - 0 out of 128 successfully perturbed
square - 2/4 - 0 out of 128 successfully perturbed
square - 3/4 - 0 out of 128 successfully perturbed
square - 4/4 - 0 out of 12 successfully perturbed
robust accuracy after SQUARE: 39.60% (total time 193.2 s)
max Linf perturbation: 0.03137, nan in tensor: 0, max: 1.00000, min: 0.00000
robust accuracy: 39.60%
