using standard version including apgd-ce, apgd-t, fab-t, square.
initial accuracy: 80.90%
apgd-ce - 1/7 - 56 out of 128 successfully perturbed
apgd-ce - 2/7 - 57 out of 128 successfully perturbed
apgd-ce - 3/7 - 55 out of 128 successfully perturbed
apgd-ce - 4/7 - 44 out of 128 successfully perturbed
apgd-ce - 5/7 - 56 out of 128 successfully perturbed
apgd-ce - 6/7 - 49 out of 128 successfully perturbed
apgd-ce - 7/7 - 17 out of 41 successfully perturbed
robust accuracy after APGD-CE: 47.50% (total time 5.8 s)
apgd-t - 1/4 - 10 out of 128 successfully perturbed
apgd-t - 2/4 - 6 out of 128 successfully perturbed
apgd-t - 3/4 - 9 out of 128 successfully perturbed
apgd-t - 4/4 - 7 out of 91 successfully perturbed
robust accuracy after APGD-T: 44.30% (total time 38.8 s)
fab-t - 1/4 - 0 out of 128 successfully perturbed
fab-t - 2/4 - 0 out of 128 successfully perturbed
fab-t - 3/4 - 0 out of 128 successfully perturbed
fab-t - 4/4 - 0 out of 59 successfully perturbed
robust accuracy after FAB-T: 44.30% (total time 112.8 s)
square - 1/4 - 0 out of 128 successfully perturbed
square - 2/4 - 0 out of 128 successfully perturbed
square - 3/4 - 0 out of 128 successfully perturbed
square - 4/4 - 0 out of 59 successfully perturbed
robust accuracy after SQUARE: 44.30% (total time 195.2 s)
max Linf perturbation: 0.03137, nan in tensor: 0, max: 1.00000, min: 0.00000
robust accuracy: 44.30%
