using standard version including apgd-ce, apgd-t, fab-t, square.
initial accuracy: 84.00%
apgd-ce - 1/7 - 51 out of 128 successfully perturbed
apgd-ce - 2/7 - 57 out of 128 successfully perturbed
apgd-ce - 3/7 - 57 out of 128 successfully perturbed
apgd-ce - 4/7 - 46 out of 128 successfully perturbed
apgd-ce - 5/7 - 61 out of 128 successfully perturbed
apgd-ce - 6/7 - 54 out of 128 successfully perturbed
apgd-ce - 7/7 - 33 out of 72 successfully perturbed
robust accuracy after APGD-CE: 48.10% (total time 5.9 s)
apgd-t - 1/4 - 6 out of 128 successfully perturbed
apgd-t - 2/4 - 8 out of 128 successfully perturbed
apgd-t - 3/4 - 6 out of 128 successfully perturbed
apgd-t - 4/4 - 3 out of 97 successfully perturbed
robust accuracy after APGD-T: 45.80% (total time 41.2 s)
fab-t - 1/4 - 0 out of 128 successfully perturbed
fab-t - 2/4 - 0 out of 128 successfully perturbed
fab-t - 3/4 - 0 out of 128 successfully perturbed
fab-t - 4/4 - 0 out of 74 successfully perturbed
robust accuracy after FAB-T: 45.80% (total time 117.7 s)
square - 1/4 - 0 out of 128 successfully perturbed
square - 2/4 - 0 out of 128 successfully perturbed
square - 3/4 - 0 out of 128 successfully perturbed
square - 4/4 - 0 out of 74 successfully perturbed
robust accuracy after SQUARE: 45.80% (total time 201.1 s)
max Linf perturbation: 0.03137, nan in tensor: 0, max: 1.00000, min: 0.00000
robust accuracy: 45.80%
